c:\steven_daniluk\haa_clean\executiveofflineslam\debug\executiveofflineslam.pch
c:\steven_daniluk\haa_clean\executiveofflineslam\debug\vc140.pdb
c:\steven_daniluk\haa_clean\executiveofflineslam\debug\vc140.idb
c:\steven_daniluk\haa_clean\executiveofflineslam\debug\stdafx.obj
c:\steven_daniluk\haa_clean\executiveofflineslam\debug\agentplayback.obj
c:\steven_daniluk\haa_clean\executiveofflineslam\debug\autonomic.obj
c:\steven_daniluk\haa_clean\executiveofflineslam\debug\datastream.obj
c:\steven_daniluk\haa_clean\executiveofflineslam\debug\logger.obj
c:\steven_daniluk\haa_clean\executiveofflineslam\debug\randomgenerator.obj
c:\steven_daniluk\haa_clean\executiveofflineslam\debug\executiveofflineslam.obj
c:\steven_daniluk\haa_clean\debug\executiveofflineslam.lib
c:\steven_daniluk\haa_clean\debug\executiveofflineslam.exp
c:\steven_daniluk\haa_clean\debug\executiveofflineslam.ilk
c:\steven_daniluk\haa_clean\debug\executiveofflineslam.dll
c:\steven_daniluk\haa_clean\debug\executiveofflineslam.pdb
c:\steven_daniluk\haa_clean\executiveofflineslam\debug\executiv.7d188da8.tlog\cl.command.1.tlog
c:\steven_daniluk\haa_clean\executiveofflineslam\debug\executiv.7d188da8.tlog\cl.read.1.tlog
c:\steven_daniluk\haa_clean\executiveofflineslam\debug\executiv.7d188da8.tlog\cl.write.1.tlog
c:\steven_daniluk\haa_clean\executiveofflineslam\debug\executiv.7d188da8.tlog\executiveofflineslam.write.1u.tlog
c:\steven_daniluk\haa_clean\executiveofflineslam\debug\executiv.7d188da8.tlog\link.command.1.tlog
c:\steven_daniluk\haa_clean\executiveofflineslam\debug\executiv.7d188da8.tlog\link.read.1.tlog
c:\steven_daniluk\haa_clean\executiveofflineslam\debug\executiv.7d188da8.tlog\link.write.1.tlog
