  stdafx.cpp
  ExecutiveOfflineSLAM.cpp
c:\steven_daniluk\haa_clean\autonomic\autonomicversion.h(401): warning C4838: conversion from 'int' to 'const unsigned int' requires a narrowing conversion
c:\steven_daniluk\haa_clean\executiveofflineslam\executiveofflineslam.cpp(163): warning C4101: 'id': unreferenced local variable
c:\steven_daniluk\haa_clean\executiveofflineslam\executiveofflineslam.cpp(248): warning C4101: 'thread': unreferenced local variable
c:\steven_daniluk\haa_clean\executiveofflineslam\executiveofflineslam.cpp(608): warning C4101: 'i': unreferenced local variable
c:\steven_daniluk\haa_clean\executiveofflineslam\executiveofflineslam.cpp(870): warning C4477: 'sscanf_s' : format string '%d' requires an argument of type 'int *', but variadic argument 5 has type 'short *'
  c:\steven_daniluk\haa_clean\executiveofflineslam\executiveofflineslam.cpp(870): note: consider using '%hd' in the format string
c:\steven_daniluk\haa_clean\executiveofflineslam\executiveofflineslam.cpp(870): warning C4477: 'sscanf_s' : format string '%d' requires an argument of type 'int *', but variadic argument 6 has type 'short *'
  c:\steven_daniluk\haa_clean\executiveofflineslam\executiveofflineslam.cpp(870): note: consider using '%hd' in the format string
c:\steven_daniluk\haa_clean\executiveofflineslam\executiveofflineslam.cpp(1430): warning C4101: 'i': unreferenced local variable
c:\steven_daniluk\haa_clean\executiveofflineslam\executiveofflineslam.cpp(1751): warning C4101: 'reading': unreferenced local variable
  RandomGenerator.cpp
  Logger.cpp
c:\steven_daniluk\haa_clean\autonomic\autonomicversion.h(401): warning C4838: conversion from 'int' to 'const unsigned int' requires a narrowing conversion
c:\steven_daniluk\haa_clean\autonomic\logger.cpp(187): warning C4477: 'sprintf_s' : format string '%ls' requires an argument of type 'wchar_t *', but variadic argument 1 has type 'RPC_WSTR'
  dataStream.cpp
  autonomic.cpp
c:\steven_daniluk\haa_clean\autonomic\autonomicversion.h(401): warning C4838: conversion from 'int' to 'const unsigned int' requires a narrowing conversion
c:\steven_daniluk\haa_clean\autonomic\autonomic.cpp(59): warning C4477: 'sprintf_s' : format string '%ls' requires an argument of type 'wchar_t *', but variadic argument 2 has type 'RPC_WSTR'
  agentPlayback.cpp
c:\steven_daniluk\haa_clean\autonomic\autonomicversion.h(401): warning C4838: conversion from 'int' to 'const unsigned int' requires a narrowing conversion
  Generating Code...
agentPlayback.obj : warning LNK4075: ignoring '/EDITANDCONTINUE' due to '/SAFESEH' specification
     Creating library C:\Steven_Daniluk\HAA_Clean\Debug\ExecutiveOfflineSLAM.lib and object C:\Steven_Daniluk\HAA_Clean\Debug\ExecutiveOfflineSLAM.exp
  ExecutiveOfflineSLAM.vcxproj -> C:\Steven_Daniluk\HAA_Clean\Debug\ExecutiveOfflineSLAM.dll
