c:\steven_daniluk\haa_clean\debug\avatarbase.lib
c:\steven_daniluk\haa_clean\debug\avatarbase.exp
c:\steven_daniluk\haa_clean\avatarbase\debug\avatarbase.pch
c:\steven_daniluk\haa_clean\avatarbase\debug\vc140.pdb
c:\steven_daniluk\haa_clean\avatarbase\debug\vc140.idb
c:\steven_daniluk\haa_clean\avatarbase\debug\stdafx.obj
c:\steven_daniluk\haa_clean\avatarbase\debug\agentplayback.obj
c:\steven_daniluk\haa_clean\avatarbase\debug\autonomic.obj
c:\steven_daniluk\haa_clean\avatarbase\debug\datastream.obj
c:\steven_daniluk\haa_clean\avatarbase\debug\logger.obj
c:\steven_daniluk\haa_clean\avatarbase\debug\randomgenerator.obj
c:\steven_daniluk\haa_clean\avatarbase\debug\avatarbase.obj
c:\steven_daniluk\haa_clean\debug\avatarbase.ilk
c:\steven_daniluk\haa_clean\debug\avatarbase.dll
c:\steven_daniluk\haa_clean\debug\avatarbase.pdb
c:\steven_daniluk\haa_clean\avatarbase\debug\avatarbase.tlog\avatarbase.write.1u.tlog
c:\steven_daniluk\haa_clean\avatarbase\debug\avatarbase.tlog\cl.command.1.tlog
c:\steven_daniluk\haa_clean\avatarbase\debug\avatarbase.tlog\cl.read.1.tlog
c:\steven_daniluk\haa_clean\avatarbase\debug\avatarbase.tlog\cl.write.1.tlog
c:\steven_daniluk\haa_clean\avatarbase\debug\avatarbase.tlog\link.command.1.tlog
c:\steven_daniluk\haa_clean\avatarbase\debug\avatarbase.tlog\link.read.1.tlog
c:\steven_daniluk\haa_clean\avatarbase\debug\avatarbase.tlog\link.write.1.tlog
