c:\steven_daniluk\haa_clean\autonomicgui\debug\autonomicgui.pch
c:\steven_daniluk\haa_clean\autonomicgui\debug\vc140.pdb
c:\steven_daniluk\haa_clean\autonomicgui\debug\vc140.idb
c:\steven_daniluk\haa_clean\autonomicgui\debug\stdafx.obj
c:\steven_daniluk\haa_clean\autonomicgui\debug\agentplayback.obj
c:\steven_daniluk\haa_clean\autonomicgui\debug\datastream.obj
c:\steven_daniluk\haa_clean\autonomicgui\debug\ddbstore.obj
c:\steven_daniluk\haa_clean\autonomicgui\debug\fimage.obj
c:\steven_daniluk\haa_clean\autonomicgui\debug\logger.obj
c:\steven_daniluk\haa_clean\autonomicgui\debug\randomgenerator.obj
c:\steven_daniluk\haa_clean\autonomicgui\debug\rr_api.obj
c:\steven_daniluk\haa_clean\autonomicgui\debug\agentmirror.obj
c:\steven_daniluk\haa_clean\autonomicgui\debug\agentmirrorgui.obj
c:\steven_daniluk\haa_clean\autonomicgui\debug\autonomicgui.obj
c:\steven_daniluk\haa_clean\autonomicgui\debug\autonomicguidlg.obj
c:\steven_daniluk\haa_clean\autonomicgui\debug\guiobject.obj
c:\steven_daniluk\haa_clean\autonomicgui\debug\openglcontrol.obj
c:\steven_daniluk\haa_clean\autonomicgui\debug\thinsocket.obj
c:\steven_daniluk\haa_clean\autonomicgui\debug\visualize.obj
c:\steven_daniluk\haa_clean\debug\autonomicgui.ilk
c:\steven_daniluk\haa_clean\debug\autonomicgui.exe
c:\steven_daniluk\haa_clean\debug\autonomicgui.pdb
c:\steven_daniluk\haa_clean\autonomicgui\debug\autonomicgui.res
c:\steven_daniluk\haa_clean\autonomicgui\debug\autonomicgui.tlog\cl.command.1.tlog
c:\steven_daniluk\haa_clean\autonomicgui\debug\autonomicgui.tlog\cl.read.1.tlog
c:\steven_daniluk\haa_clean\autonomicgui\debug\autonomicgui.tlog\cl.write.1.tlog
c:\steven_daniluk\haa_clean\autonomicgui\debug\autonomicgui.tlog\link.command.1.tlog
c:\steven_daniluk\haa_clean\autonomicgui\debug\autonomicgui.tlog\link.read.1.tlog
c:\steven_daniluk\haa_clean\autonomicgui\debug\autonomicgui.tlog\link.write.1.tlog
c:\steven_daniluk\haa_clean\autonomicgui\debug\autonomicgui.tlog\rc.command.1.tlog
c:\steven_daniluk\haa_clean\autonomicgui\debug\autonomicgui.tlog\rc.read.1.tlog
c:\steven_daniluk\haa_clean\autonomicgui\debug\autonomicgui.tlog\rc.write.1.tlog
