  stdafx.cpp
  Visualize.cpp
  ThinSocket.cpp
  OpenGLControl.cpp
c:\steven_daniluk\haa_clean\autonomic\autonomicversion.h(401): warning C4838: conversion from 'int' to 'const unsigned int' requires a narrowing conversion
  GUIObject.cpp
c:\steven_daniluk\haa_clean\autonomic\autonomicversion.h(401): warning C4838: conversion from 'int' to 'const unsigned int' requires a narrowing conversion
c:\steven_daniluk\haa_clean\autonomicgui\guiobject.cpp(183): warning C4477: 'swprintf_s' : format string '%s' requires an argument of type 'wchar_t *', but variadic argument 1 has type 'RPC_WSTR'
c:\steven_daniluk\haa_clean\autonomicgui\guiobject.cpp(183): warning C4477: 'swprintf_s' : format string '%s' requires an argument of type 'wchar_t *', but variadic argument 2 has type 'RPC_WSTR'
c:\steven_daniluk\haa_clean\autonomicgui\guiobject.cpp(183): warning C4477: 'swprintf_s' : format string '%s' requires an argument of type 'wchar_t *', but variadic argument 3 has type 'RPC_WSTR'
c:\steven_daniluk\haa_clean\autonomicgui\guiobject.cpp(183): warning C4477: 'swprintf_s' : format string '%s' requires an argument of type 'wchar_t *', but variadic argument 5 has type 'RPC_WSTR'
c:\steven_daniluk\haa_clean\autonomicgui\guiobject.cpp(485): warning C4477: 'swprintf_s' : format string '%s' requires an argument of type 'wchar_t *', but variadic argument 6 has type 'RPC_WSTR'
c:\steven_daniluk\haa_clean\autonomicgui\guiobject.cpp(875): warning C4477: 'swprintf_s' : format string '%s' requires an argument of type 'wchar_t *', but variadic argument 1 has type 'RPC_WSTR'
c:\steven_daniluk\haa_clean\autonomicgui\guiobject.cpp(1203): warning C4477: 'swprintf_s' : format string '%s' requires an argument of type 'wchar_t *', but variadic argument 2 has type 'RPC_WSTR'
c:\steven_daniluk\haa_clean\autonomicgui\guiobject.cpp(1203): warning C4477: 'swprintf_s' : format string '%s' requires an argument of type 'wchar_t *', but variadic argument 3 has type 'RPC_WSTR'
  AutonomicGUIDlg.cpp
c:\steven_daniluk\haa_clean\autonomic\autonomicversion.h(401): warning C4838: conversion from 'int' to 'const unsigned int' requires a narrowing conversion
c:\steven_daniluk\haa_clean\autonomicgui\autonomicguidlg.cpp(469): warning C4477: 'sprintf_s' : format string '%ws' requires an argument of type 'wchar_t *', but variadic argument 1 has type 'CString'
  AutonomicGUI.cpp
  AgentMirrorGUI.cpp
c:\steven_daniluk\haa_clean\autonomic\autonomicversion.h(401): warning C4838: conversion from 'int' to 'const unsigned int' requires a narrowing conversion
c:\steven_daniluk\haa_clean\autonomic\agenthostversion.h(125): warning C4838: conversion from 'int' to 'const unsigned int' requires a narrowing conversion
c:\steven_daniluk\haa_clean\autonomicgui\agentmirrorgui.cpp(457): warning C4477: 'sprintf_s' : format string '%ls' requires an argument of type 'wchar_t *', but variadic argument 1 has type 'RPC_WSTR'
c:\steven_daniluk\haa_clean\autonomicgui\agentmirrorgui.cpp(488): warning C4477: 'sprintf_s' : format string '%ls' requires an argument of type 'wchar_t *', but variadic argument 1 has type 'RPC_WSTR'
  AgentMirror.cpp
c:\steven_daniluk\haa_clean\autonomic\autonomicversion.h(401): warning C4838: conversion from 'int' to 'const unsigned int' requires a narrowing conversion
c:\steven_daniluk\haa_clean\autonomic\agenthostversion.h(125): warning C4838: conversion from 'int' to 'const unsigned int' requires a narrowing conversion
  RR_API.cpp
c:\steven_daniluk\haa_clean\roborealmapi\rr_api.cpp(197): warning C4996: 'gethostbyname': Use getaddrinfo() or GetAddrInfoW() instead or define _WINSOCK_DEPRECATED_NO_WARNINGS to disable deprecated API warnings
  c:\program files (x86)\windows kits\8.1\include\um\winsock2.h(2238): note: see declaration of 'gethostbyname'
  RandomGenerator.cpp
  Logger.cpp
c:\steven_daniluk\haa_clean\autonomic\autonomicversion.h(401): warning C4838: conversion from 'int' to 'const unsigned int' requires a narrowing conversion
c:\steven_daniluk\haa_clean\autonomic\logger.cpp(187): warning C4477: 'sprintf_s' : format string '%ls' requires an argument of type 'wchar_t *', but variadic argument 1 has type 'RPC_WSTR'
  fImage.cpp
  DDBStore.cpp
c:\steven_daniluk\haa_clean\autonomic\autonomicversion.h(401): warning C4838: conversion from 'int' to 'const unsigned int' requires a narrowing conversion
  dataStream.cpp
  agentPlayback.cpp
c:\steven_daniluk\haa_clean\autonomic\autonomicversion.h(401): warning C4838: conversion from 'int' to 'const unsigned int' requires a narrowing conversion
  Generating Code...
agentPlayback.obj : warning LNK4075: ignoring '/EDITANDCONTINUE' due to '/SAFESEH' specification
  AutonomicGUI.vcxproj -> C:\Steven_Daniluk\HAA_Clean\Debug\AutonomicGUI.exe
          1 file(s) copied.
