c:\steven_daniluk\haa_clean\supervisorexplore\release\supervisorexplore.pch
c:\steven_daniluk\haa_clean\supervisorexplore\release\vc140.pdb
c:\steven_daniluk\haa_clean\supervisorexplore\release\stdafx.obj
c:\steven_daniluk\haa_clean\supervisorexplore\release\supervisorexplore.obj
c:\steven_daniluk\haa_clean\supervisorexplore\release\randomgenerator.obj
c:\steven_daniluk\haa_clean\supervisorexplore\release\logger.obj
c:\steven_daniluk\haa_clean\supervisorexplore\release\datastream.obj
c:\steven_daniluk\haa_clean\supervisorexplore\release\autonomic.obj
c:\steven_daniluk\haa_clean\supervisorexplore\release\agentplayback.obj
c:\steven_daniluk\haa_clean\release\supervisorexplore.dll
c:\steven_daniluk\haa_clean\release\supervisorexplore.ipdb
c:\steven_daniluk\haa_clean\release\supervisorexplore.iobj
c:\steven_daniluk\haa_clean\release\supervisorexplore.pdb
c:\steven_daniluk\haa_clean\release\supervisorexplore.lib
c:\steven_daniluk\haa_clean\release\supervisorexplore.exp
c:\steven_daniluk\haa_clean\supervisorexplore\release\supervis.34a88bf6.tlog\cl.command.1.tlog
c:\steven_daniluk\haa_clean\supervisorexplore\release\supervis.34a88bf6.tlog\cl.read.1.tlog
c:\steven_daniluk\haa_clean\supervisorexplore\release\supervis.34a88bf6.tlog\cl.write.1.tlog
c:\steven_daniluk\haa_clean\supervisorexplore\release\supervis.34a88bf6.tlog\link.command.1.tlog
c:\steven_daniluk\haa_clean\supervisorexplore\release\supervis.34a88bf6.tlog\link.read.1.tlog
c:\steven_daniluk\haa_clean\supervisorexplore\release\supervis.34a88bf6.tlog\link.write.1.tlog
c:\steven_daniluk\haa_clean\supervisorexplore\release\supervis.34a88bf6.tlog\supervisorexplore.write.1u.tlog
