c:\steven_daniluk\haa_clean\supervisorslam\debug\supervisorslam.pch
c:\steven_daniluk\haa_clean\supervisorslam\debug\vc140.pdb
c:\steven_daniluk\haa_clean\supervisorslam\debug\vc140.idb
c:\steven_daniluk\haa_clean\supervisorslam\debug\stdafx.obj
c:\steven_daniluk\haa_clean\supervisorslam\debug\agentplayback.obj
c:\steven_daniluk\haa_clean\supervisorslam\debug\autonomic.obj
c:\steven_daniluk\haa_clean\supervisorslam\debug\datastream.obj
c:\steven_daniluk\haa_clean\supervisorslam\debug\logger.obj
c:\steven_daniluk\haa_clean\supervisorslam\debug\randomgenerator.obj
c:\steven_daniluk\haa_clean\supervisorslam\debug\supervisorslam.obj
c:\steven_daniluk\haa_clean\debug\supervisorslam.ilk
c:\steven_daniluk\haa_clean\debug\supervisorslam.dll
c:\steven_daniluk\haa_clean\debug\supervisorslam.pdb
c:\steven_daniluk\haa_clean\debug\supervisorslam.lib
c:\steven_daniluk\haa_clean\debug\supervisorslam.exp
c:\steven_daniluk\haa_clean\supervisorslam\debug\supervisorslam.tlog\cl.command.1.tlog
c:\steven_daniluk\haa_clean\supervisorslam\debug\supervisorslam.tlog\cl.read.1.tlog
c:\steven_daniluk\haa_clean\supervisorslam\debug\supervisorslam.tlog\cl.write.1.tlog
c:\steven_daniluk\haa_clean\supervisorslam\debug\supervisorslam.tlog\link.command.1.tlog
c:\steven_daniluk\haa_clean\supervisorslam\debug\supervisorslam.tlog\link.read.1.tlog
c:\steven_daniluk\haa_clean\supervisorslam\debug\supervisorslam.tlog\link.write.1.tlog
c:\steven_daniluk\haa_clean\supervisorslam\debug\supervisorslam.tlog\supervisorslam.write.1u.tlog
