c:\steven_daniluk\haa_clean\release\avatarsurveyor.lib
c:\steven_daniluk\haa_clean\release\avatarsurveyor.exp
c:\steven_daniluk\haa_clean\avatarsurveyor\release\avatarsurveyor.pch
c:\steven_daniluk\haa_clean\avatarsurveyor\release\vc140.pdb
c:\steven_daniluk\haa_clean\avatarsurveyor\release\stdafx.obj
c:\steven_daniluk\haa_clean\avatarsurveyor\release\avatarsurveyor.obj
c:\steven_daniluk\haa_clean\avatarsurveyor\release\avatarbase.obj
c:\steven_daniluk\haa_clean\avatarsurveyor\release\randomgenerator.obj
c:\steven_daniluk\haa_clean\avatarsurveyor\release\logger.obj
c:\steven_daniluk\haa_clean\avatarsurveyor\release\datastream.obj
c:\steven_daniluk\haa_clean\avatarsurveyor\release\autonomic.obj
c:\steven_daniluk\haa_clean\avatarsurveyor\release\agentplayback.obj
c:\steven_daniluk\haa_clean\release\avatarsurveyor.dll
c:\steven_daniluk\haa_clean\release\avatarsurveyor.ipdb
c:\steven_daniluk\haa_clean\release\avatarsurveyor.iobj
c:\steven_daniluk\haa_clean\release\avatarsurveyor.pdb
c:\steven_daniluk\haa_clean\avatarsurveyor\release\avatarsurveyor.tlog\avatarsurveyor.write.1u.tlog
c:\steven_daniluk\haa_clean\avatarsurveyor\release\avatarsurveyor.tlog\cl.command.1.tlog
c:\steven_daniluk\haa_clean\avatarsurveyor\release\avatarsurveyor.tlog\cl.read.1.tlog
c:\steven_daniluk\haa_clean\avatarsurveyor\release\avatarsurveyor.tlog\cl.write.1.tlog
c:\steven_daniluk\haa_clean\avatarsurveyor\release\avatarsurveyor.tlog\link.command.1.tlog
c:\steven_daniluk\haa_clean\avatarsurveyor\release\avatarsurveyor.tlog\link.read.1.tlog
c:\steven_daniluk\haa_clean\avatarsurveyor\release\avatarsurveyor.tlog\link.write.1.tlog
