  stdafx.cpp
  agentPlayback.cpp
c:\steven_daniluk\haa_clean\autonomic\autonomicVersion.h(401): warning C4838: conversion from 'int' to 'const unsigned int' requires a narrowing conversion
  autonomic.cpp
c:\steven_daniluk\haa_clean\autonomic\autonomicVersion.h(401): warning C4838: conversion from 'int' to 'const unsigned int' requires a narrowing conversion
..\Autonomic\autonomic.cpp(59): warning C4477: 'sprintf_s' : format string '%ls' requires an argument of type 'wchar_t *', but variadic argument 2 has type 'RPC_WSTR'
  dataStream.cpp
  Logger.cpp
c:\steven_daniluk\haa_clean\autonomic\autonomicVersion.h(401): warning C4838: conversion from 'int' to 'const unsigned int' requires a narrowing conversion
..\Autonomic\Logger.cpp(187): warning C4477: 'sprintf_s' : format string '%ls' requires an argument of type 'wchar_t *', but variadic argument 1 has type 'RPC_WSTR'
  RandomGenerator.cpp
  ExecutiveSimulation.cpp
c:\steven_daniluk\haa_clean\autonomic\autonomicVersion.h(401): warning C4838: conversion from 'int' to 'const unsigned int' requires a narrowing conversion
c:\steven_daniluk\haa_clean\executivesimulation\ExecutiveSimulationVersion.h(60): warning C4838: conversion from 'int' to 'const unsigned int' requires a narrowing conversion
ExecutiveSimulation.cpp(1639): warning C4473: 'fscanf_s' : not enough arguments passed for format string
  ExecutiveSimulation.cpp(1639): note: placeholders and their parameters expect 8 variadic arguments, but 7 were provided
  ExecutiveSimulation.cpp(1639): note: the missing variadic argument 8 is required by format string '%f'
ExecutiveSimulation.cpp(1680): warning C4473: 'fscanf_s' : not enough arguments passed for format string
  ExecutiveSimulation.cpp(1680): note: placeholders and their parameters expect 7 variadic arguments, but 6 were provided
  ExecutiveSimulation.cpp(1680): note: the missing variadic argument 7 is required by format string '%f'
     Creating library C:\Steven_Daniluk\HAA_Clean\Release\ExecutiveSimulation.lib and object C:\Steven_Daniluk\HAA_Clean\Release\ExecutiveSimulation.exp
  Generating code
  All 3512 functions were compiled because no usable IPDB/IOBJ from previous compilation was found.
  Finished generating code
  ExecutiveSimulation.vcxproj -> C:\Steven_Daniluk\HAA_Clean\Release\ExecutiveSimulation.dll
