c:\steven_daniluk\haa_clean\executivesimulation\release\executivesimulation.pch
c:\steven_daniluk\haa_clean\executivesimulation\release\vc140.pdb
c:\steven_daniluk\haa_clean\executivesimulation\release\stdafx.obj
c:\steven_daniluk\haa_clean\executivesimulation\release\executivesimulation.obj
c:\steven_daniluk\haa_clean\executivesimulation\release\randomgenerator.obj
c:\steven_daniluk\haa_clean\executivesimulation\release\logger.obj
c:\steven_daniluk\haa_clean\executivesimulation\release\datastream.obj
c:\steven_daniluk\haa_clean\executivesimulation\release\autonomic.obj
c:\steven_daniluk\haa_clean\executivesimulation\release\agentplayback.obj
c:\steven_daniluk\haa_clean\release\executivesimulation.lib
c:\steven_daniluk\haa_clean\release\executivesimulation.exp
c:\steven_daniluk\haa_clean\release\executivesimulation.dll
c:\steven_daniluk\haa_clean\release\executivesimulation.ipdb
c:\steven_daniluk\haa_clean\release\executivesimulation.iobj
c:\steven_daniluk\haa_clean\release\executivesimulation.pdb
c:\steven_daniluk\haa_clean\executivesimulation\release\executiv.3af10998.tlog\cl.command.1.tlog
c:\steven_daniluk\haa_clean\executivesimulation\release\executiv.3af10998.tlog\cl.read.1.tlog
c:\steven_daniluk\haa_clean\executivesimulation\release\executiv.3af10998.tlog\cl.write.1.tlog
c:\steven_daniluk\haa_clean\executivesimulation\release\executiv.3af10998.tlog\executivesimulation.write.1u.tlog
c:\steven_daniluk\haa_clean\executivesimulation\release\executiv.3af10998.tlog\link.command.1.tlog
c:\steven_daniluk\haa_clean\executivesimulation\release\executiv.3af10998.tlog\link.read.1.tlog
c:\steven_daniluk\haa_clean\executivesimulation\release\executiv.3af10998.tlog\link.write.1.tlog
