c:\steven_daniluk\haa_clean\autonomic\debug\autonomic.pch
c:\steven_daniluk\haa_clean\autonomic\debug\vc140.pdb
c:\steven_daniluk\haa_clean\autonomic\debug\stdafx.obj
c:\steven_daniluk\haa_clean\autonomic\debug\randomgenerator.obj
c:\steven_daniluk\haa_clean\autonomic\debug\main.obj
c:\steven_daniluk\haa_clean\autonomic\debug\logger.obj
c:\steven_daniluk\haa_clean\autonomic\debug\ddbstore.obj
c:\steven_daniluk\haa_clean\autonomic\debug\datastream.obj
c:\steven_daniluk\haa_clean\autonomic\debug\autonomic.obj
c:\steven_daniluk\haa_clean\autonomic\debug\agentplayback.obj
c:\steven_daniluk\haa_clean\autonomic\debug\agenthost.obj
c:\steven_daniluk\haa_clean\autonomic\debug\.netframework,version=v4.0.assemblyattributes.obj
c:\steven_daniluk\haa_clean\autonomic\debug\.netframework,version=v4.0.assemblyattributes.asm
c:\steven_daniluk\haa_clean\debug\autonomic.exe
c:\steven_daniluk\haa_clean\debug\autonomic.pdb
c:\steven_daniluk\haa_clean\autonomic\debug\autonomic.vcxprojresolveassemblyreference.cache
c:\steven_daniluk\haa_clean\autonomic\debug\autonomic.tlog\cl.command.1.tlog
c:\steven_daniluk\haa_clean\autonomic\debug\autonomic.tlog\cl.read.1.tlog
c:\steven_daniluk\haa_clean\autonomic\debug\autonomic.tlog\cl.write.1.tlog
c:\steven_daniluk\haa_clean\autonomic\debug\autonomic.tlog\link.command.1.tlog
c:\steven_daniluk\haa_clean\autonomic\debug\autonomic.tlog\link.read.1.tlog
c:\steven_daniluk\haa_clean\autonomic\debug\autonomic.tlog\link.write.1.tlog
c:\steven_daniluk\haa_clean\autonomic\debug\autonomic.tlog\metagen.read.1.tlog
c:\steven_daniluk\haa_clean\autonomic\debug\autonomic.tlog\metagen.write.1.tlog
c:\steven_daniluk\haa_clean\autonomic\debug\autonomic.tlog\rsaenh.dll.bi
c:\steven_daniluk\haa_clean\autonomic\debug\autonomic.tlog\tzres.dll.bi
