c:\steven_daniluk\haa_clean\autonomicplayback\release\autonomicplayback.pch
c:\steven_daniluk\haa_clean\autonomicplayback\release\vc140.pdb
c:\steven_daniluk\haa_clean\autonomicplayback\release\stdafx.obj
c:\steven_daniluk\haa_clean\autonomicplayback\release\autonomicplayback.obj
c:\steven_daniluk\haa_clean\autonomicplayback\release\randomgenerator.obj
c:\steven_daniluk\haa_clean\autonomicplayback\release\logger.obj
c:\steven_daniluk\haa_clean\autonomicplayback\release\ddbstore.obj
c:\steven_daniluk\haa_clean\autonomicplayback\release\datastream.obj
c:\steven_daniluk\haa_clean\autonomicplayback\release\autonomic.obj
c:\steven_daniluk\haa_clean\autonomicplayback\release\agentplayback.obj
c:\steven_daniluk\haa_clean\autonomicplayback\release\agenthost.obj
c:\steven_daniluk\haa_clean\autonomicplayback\release\.netframework,version=v4.0.assemblyattributes.obj
c:\steven_daniluk\haa_clean\autonomicplayback\release\.netframework,version=v4.0.assemblyattributes.asm
c:\steven_daniluk\haa_clean\release\autonomicplayback.exe
c:\steven_daniluk\haa_clean\release\autonomicplayback.pdb
c:\steven_daniluk\haa_clean\autonomicplayback\release\autonomicplayback.vcxprojresolveassemblyreference.cache
c:\steven_daniluk\haa_clean\autonomicplayback\release\autonomi.a8cb7611.tlog\cl.command.1.tlog
c:\steven_daniluk\haa_clean\autonomicplayback\release\autonomi.a8cb7611.tlog\cl.read.1.tlog
c:\steven_daniluk\haa_clean\autonomicplayback\release\autonomi.a8cb7611.tlog\cl.write.1.tlog
c:\steven_daniluk\haa_clean\autonomicplayback\release\autonomi.a8cb7611.tlog\link.command.1.tlog
c:\steven_daniluk\haa_clean\autonomicplayback\release\autonomi.a8cb7611.tlog\link.read.1.tlog
c:\steven_daniluk\haa_clean\autonomicplayback\release\autonomi.a8cb7611.tlog\link.write.1.tlog
c:\steven_daniluk\haa_clean\autonomicplayback\release\autonomi.a8cb7611.tlog\metagen.read.1.tlog
c:\steven_daniluk\haa_clean\autonomicplayback\release\autonomi.a8cb7611.tlog\metagen.write.1.tlog
c:\steven_daniluk\haa_clean\autonomicplayback\release\autonomi.a8cb7611.tlog\rsaenh.dll.bi
c:\steven_daniluk\haa_clean\autonomicplayback\release\autonomi.a8cb7611.tlog\tzres.dll.bi
