c:\steven_daniluk\haa_clean\executiveavatar\release\executiveavatar.pch
c:\steven_daniluk\haa_clean\executiveavatar\release\vc140.pdb
c:\steven_daniluk\haa_clean\executiveavatar\release\stdafx.obj
c:\steven_daniluk\haa_clean\executiveavatar\release\executiveavatar.obj
c:\steven_daniluk\haa_clean\executiveavatar\release\randomgenerator.obj
c:\steven_daniluk\haa_clean\executiveavatar\release\logger.obj
c:\steven_daniluk\haa_clean\executiveavatar\release\datastream.obj
c:\steven_daniluk\haa_clean\executiveavatar\release\autonomic.obj
c:\steven_daniluk\haa_clean\executiveavatar\release\agentplayback.obj
c:\steven_daniluk\haa_clean\release\executiveavatar.lib
c:\steven_daniluk\haa_clean\release\executiveavatar.exp
c:\steven_daniluk\haa_clean\release\executiveavatar.dll
c:\steven_daniluk\haa_clean\release\executiveavatar.ipdb
c:\steven_daniluk\haa_clean\release\executiveavatar.iobj
c:\steven_daniluk\haa_clean\release\executiveavatar.pdb
c:\steven_daniluk\haa_clean\executiveavatar\release\executiveavatar.tlog\cl.command.1.tlog
c:\steven_daniluk\haa_clean\executiveavatar\release\executiveavatar.tlog\cl.read.1.tlog
c:\steven_daniluk\haa_clean\executiveavatar\release\executiveavatar.tlog\cl.write.1.tlog
c:\steven_daniluk\haa_clean\executiveavatar\release\executiveavatar.tlog\executiveavatar.write.1u.tlog
c:\steven_daniluk\haa_clean\executiveavatar\release\executiveavatar.tlog\link.command.1.tlog
c:\steven_daniluk\haa_clean\executiveavatar\release\executiveavatar.tlog\link.read.1.tlog
c:\steven_daniluk\haa_clean\executiveavatar\release\executiveavatar.tlog\link.write.1.tlog
