c:\steven_daniluk\haa_clean\autonomicplayback\debug\autonomicplayback.pch
c:\steven_daniluk\haa_clean\autonomicplayback\debug\vc140.pdb
c:\steven_daniluk\haa_clean\autonomicplayback\debug\stdafx.obj
c:\steven_daniluk\haa_clean\autonomicplayback\debug\autonomicplayback.obj
c:\steven_daniluk\haa_clean\autonomicplayback\debug\randomgenerator.obj
c:\steven_daniluk\haa_clean\autonomicplayback\debug\logger.obj
c:\steven_daniluk\haa_clean\autonomicplayback\debug\ddbstore.obj
c:\steven_daniluk\haa_clean\autonomicplayback\debug\datastream.obj
c:\steven_daniluk\haa_clean\autonomicplayback\debug\autonomic.obj
c:\steven_daniluk\haa_clean\autonomicplayback\debug\agentplayback.obj
c:\steven_daniluk\haa_clean\autonomicplayback\debug\agenthost.obj
c:\steven_daniluk\haa_clean\autonomicplayback\debug\.netframework,version=v4.0.assemblyattributes.obj
c:\steven_daniluk\haa_clean\autonomicplayback\debug\.netframework,version=v4.0.assemblyattributes.asm
c:\steven_daniluk\haa_clean\debug\autonomicplaybackd.exe
c:\steven_daniluk\haa_clean\debug\autonomicplayback.pdb
c:\steven_daniluk\haa_clean\autonomicplayback\debug\autonomi.a8cb7611.tlog\cl.command.1.tlog
c:\steven_daniluk\haa_clean\autonomicplayback\debug\autonomi.a8cb7611.tlog\cl.read.1.tlog
c:\steven_daniluk\haa_clean\autonomicplayback\debug\autonomi.a8cb7611.tlog\cl.write.1.tlog
c:\steven_daniluk\haa_clean\autonomicplayback\debug\autonomi.a8cb7611.tlog\link.command.1.tlog
c:\steven_daniluk\haa_clean\autonomicplayback\debug\autonomi.a8cb7611.tlog\link.read.1.tlog
c:\steven_daniluk\haa_clean\autonomicplayback\debug\autonomi.a8cb7611.tlog\link.write.1.tlog
c:\steven_daniluk\haa_clean\autonomicplayback\debug\autonomi.a8cb7611.tlog\metagen.read.1.tlog
c:\steven_daniluk\haa_clean\autonomicplayback\debug\autonomi.a8cb7611.tlog\metagen.write.1.tlog
c:\steven_daniluk\haa_clean\autonomicplayback\debug\autonomi.a8cb7611.tlog\rsaenh.dll.bi
c:\steven_daniluk\haa_clean\autonomicplayback\debug\autonomi.a8cb7611.tlog\tzres.dll.bi
