c:\steven_daniluk\haa_clean\debug\avatarer1.lib
c:\steven_daniluk\haa_clean\debug\avatarer1.exp
c:\steven_daniluk\haa_clean\avatarer1\debug\avatarer1.pch
c:\steven_daniluk\haa_clean\avatarer1\debug\vc140.pdb
c:\steven_daniluk\haa_clean\avatarer1\debug\vc140.idb
c:\steven_daniluk\haa_clean\avatarer1\debug\stdafx.obj
c:\steven_daniluk\haa_clean\avatarer1\debug\agentplayback.obj
c:\steven_daniluk\haa_clean\avatarer1\debug\autonomic.obj
c:\steven_daniluk\haa_clean\avatarer1\debug\datastream.obj
c:\steven_daniluk\haa_clean\avatarer1\debug\logger.obj
c:\steven_daniluk\haa_clean\avatarer1\debug\randomgenerator.obj
c:\steven_daniluk\haa_clean\avatarer1\debug\avatarbase.obj
c:\steven_daniluk\haa_clean\avatarer1\debug\avatarer1.obj
c:\steven_daniluk\haa_clean\debug\avatarer1.ilk
c:\steven_daniluk\haa_clean\debug\avatarer1.dll
c:\steven_daniluk\haa_clean\debug\avatarer1.pdb
c:\steven_daniluk\haa_clean\avatarer1\debug\avatarer1.tlog\avatarer1.write.1u.tlog
c:\steven_daniluk\haa_clean\avatarer1\debug\avatarer1.tlog\cl.command.1.tlog
c:\steven_daniluk\haa_clean\avatarer1\debug\avatarer1.tlog\cl.read.1.tlog
c:\steven_daniluk\haa_clean\avatarer1\debug\avatarer1.tlog\cl.write.1.tlog
c:\steven_daniluk\haa_clean\avatarer1\debug\avatarer1.tlog\link.command.1.tlog
c:\steven_daniluk\haa_clean\avatarer1\debug\avatarer1.tlog\link.read.1.tlog
c:\steven_daniluk\haa_clean\avatarer1\debug\avatarer1.tlog\link.write.1.tlog
