  stdafx.cpp
  AvatarSurveyor.cpp
c:\steven_daniluk\haa_clean\autonomic\autonomicversion.h(401): warning C4838: conversion from 'int' to 'const unsigned int' requires a narrowing conversion
c:\steven_daniluk\haa_clean\avatarbase\avatarbaseversion.h(69): warning C4838: conversion from 'int' to 'const unsigned int' requires a narrowing conversion
c:\steven_daniluk\haa_clean\avatarsurveyor\avatarsurveyor.cpp(80): warning C4477: 'sprintf_s' : format string '%ls' requires an argument of type 'wchar_t *', but variadic argument 3 has type 'RPC_WSTR'
c:\steven_daniluk\haa_clean\avatarsurveyor\avatarsurveyor.cpp(307): warning C4101: 'i': unreferenced local variable
c:\steven_daniluk\haa_clean\avatarsurveyor\avatarsurveyor.cpp(669): warning C4996: 'fopen': This function or variable may be unsafe. Consider using fopen_s instead. To disable deprecation, use _CRT_SECURE_NO_WARNINGS. See online help for details.
  c:\program files (x86)\windows kits\10\include\10.0.10240.0\ucrt\stdio.h(205): note: see declaration of 'fopen'
  AvatarBase.cpp
c:\steven_daniluk\haa_clean\autonomic\autonomicversion.h(401): warning C4838: conversion from 'int' to 'const unsigned int' requires a narrowing conversion
c:\steven_daniluk\haa_clean\avatarbase\avatarbaseversion.h(69): warning C4838: conversion from 'int' to 'const unsigned int' requires a narrowing conversion
c:\steven_daniluk\haa_clean\executivemission\executivemissionversion.h(43): warning C4838: conversion from 'int' to 'const unsigned int' requires a narrowing conversion
  RandomGenerator.cpp
  Logger.cpp
c:\steven_daniluk\haa_clean\autonomic\autonomicversion.h(401): warning C4838: conversion from 'int' to 'const unsigned int' requires a narrowing conversion
c:\steven_daniluk\haa_clean\autonomic\logger.cpp(187): warning C4477: 'sprintf_s' : format string '%ls' requires an argument of type 'wchar_t *', but variadic argument 1 has type 'RPC_WSTR'
  dataStream.cpp
  autonomic.cpp
c:\steven_daniluk\haa_clean\autonomic\autonomicversion.h(401): warning C4838: conversion from 'int' to 'const unsigned int' requires a narrowing conversion
c:\steven_daniluk\haa_clean\autonomic\autonomic.cpp(59): warning C4477: 'sprintf_s' : format string '%ls' requires an argument of type 'wchar_t *', but variadic argument 2 has type 'RPC_WSTR'
  agentPlayback.cpp
c:\steven_daniluk\haa_clean\autonomic\autonomicversion.h(401): warning C4838: conversion from 'int' to 'const unsigned int' requires a narrowing conversion
  Generating Code...
agentPlayback.obj : warning LNK4075: ignoring '/EDITANDCONTINUE' due to '/SAFESEH' specification
     Creating library C:\Steven_Daniluk\HAA_Clean\Debug\AvatarSurveyor.lib and object C:\Steven_Daniluk\HAA_Clean\Debug\AvatarSurveyor.exp
  AvatarSurveyor.vcxproj -> C:\Steven_Daniluk\HAA_Clean\Debug\AvatarSurveyor.dll
