c:\steven_daniluk\haa_clean\debug\avatarsurveyor.lib
c:\steven_daniluk\haa_clean\debug\avatarsurveyor.exp
c:\steven_daniluk\haa_clean\avatarsurveyor\debug\avatarsurveyor.pch
c:\steven_daniluk\haa_clean\avatarsurveyor\debug\vc140.pdb
c:\steven_daniluk\haa_clean\avatarsurveyor\debug\vc140.idb
c:\steven_daniluk\haa_clean\avatarsurveyor\debug\stdafx.obj
c:\steven_daniluk\haa_clean\avatarsurveyor\debug\agentplayback.obj
c:\steven_daniluk\haa_clean\avatarsurveyor\debug\autonomic.obj
c:\steven_daniluk\haa_clean\avatarsurveyor\debug\datastream.obj
c:\steven_daniluk\haa_clean\avatarsurveyor\debug\logger.obj
c:\steven_daniluk\haa_clean\avatarsurveyor\debug\randomgenerator.obj
c:\steven_daniluk\haa_clean\avatarsurveyor\debug\avatarbase.obj
c:\steven_daniluk\haa_clean\avatarsurveyor\debug\avatarsurveyor.obj
c:\steven_daniluk\haa_clean\debug\avatarsurveyor.ilk
c:\steven_daniluk\haa_clean\debug\avatarsurveyor.dll
c:\steven_daniluk\haa_clean\debug\avatarsurveyor.pdb
c:\steven_daniluk\haa_clean\avatarsurveyor\debug\avatarsurveyor.tlog\avatarsurveyor.write.1u.tlog
c:\steven_daniluk\haa_clean\avatarsurveyor\debug\avatarsurveyor.tlog\cl.command.1.tlog
c:\steven_daniluk\haa_clean\avatarsurveyor\debug\avatarsurveyor.tlog\cl.read.1.tlog
c:\steven_daniluk\haa_clean\avatarsurveyor\debug\avatarsurveyor.tlog\cl.write.1.tlog
c:\steven_daniluk\haa_clean\avatarsurveyor\debug\avatarsurveyor.tlog\link.command.1.tlog
c:\steven_daniluk\haa_clean\avatarsurveyor\debug\avatarsurveyor.tlog\link.read.1.tlog
c:\steven_daniluk\haa_clean\avatarsurveyor\debug\avatarsurveyor.tlog\link.write.1.tlog
