c:\steven_daniluk\haa_clean\release\avatarbase.lib
c:\steven_daniluk\haa_clean\release\avatarbase.exp
c:\steven_daniluk\haa_clean\avatarbase\release\avatarbase.pch
c:\steven_daniluk\haa_clean\avatarbase\release\vc140.pdb
c:\steven_daniluk\haa_clean\avatarbase\release\stdafx.obj
c:\steven_daniluk\haa_clean\avatarbase\release\avatarbase.obj
c:\steven_daniluk\haa_clean\avatarbase\release\randomgenerator.obj
c:\steven_daniluk\haa_clean\avatarbase\release\logger.obj
c:\steven_daniluk\haa_clean\avatarbase\release\datastream.obj
c:\steven_daniluk\haa_clean\avatarbase\release\autonomic.obj
c:\steven_daniluk\haa_clean\avatarbase\release\agentplayback.obj
c:\steven_daniluk\haa_clean\release\avatarbase.dll
c:\steven_daniluk\haa_clean\release\avatarbase.ipdb
c:\steven_daniluk\haa_clean\release\avatarbase.iobj
c:\steven_daniluk\haa_clean\release\avatarbase.pdb
c:\steven_daniluk\haa_clean\avatarbase\release\avatarbase.tlog\avatarbase.write.1u.tlog
c:\steven_daniluk\haa_clean\avatarbase\release\avatarbase.tlog\cl.command.1.tlog
c:\steven_daniluk\haa_clean\avatarbase\release\avatarbase.tlog\cl.read.1.tlog
c:\steven_daniluk\haa_clean\avatarbase\release\avatarbase.tlog\cl.write.1.tlog
c:\steven_daniluk\haa_clean\avatarbase\release\avatarbase.tlog\link.command.1.tlog
c:\steven_daniluk\haa_clean\avatarbase\release\avatarbase.tlog\link.read.1.tlog
c:\steven_daniluk\haa_clean\avatarbase\release\avatarbase.tlog\link.write.1.tlog
