  stdafx.cpp
  agentPlayback.cpp
c:\steven_daniluk\haa_clean\autonomic\autonomicVersion.h(401): warning C4838: conversion from 'int' to 'const unsigned int' requires a narrowing conversion
  autonomic.cpp
c:\steven_daniluk\haa_clean\autonomic\autonomicVersion.h(401): warning C4838: conversion from 'int' to 'const unsigned int' requires a narrowing conversion
..\Autonomic\autonomic.cpp(59): warning C4477: 'sprintf_s' : format string '%ls' requires an argument of type 'wchar_t *', but variadic argument 2 has type 'RPC_WSTR'
  dataStream.cpp
  Logger.cpp
c:\steven_daniluk\haa_clean\autonomic\autonomicVersion.h(401): warning C4838: conversion from 'int' to 'const unsigned int' requires a narrowing conversion
..\Autonomic\Logger.cpp(187): warning C4477: 'sprintf_s' : format string '%ls' requires an argument of type 'wchar_t *', but variadic argument 1 has type 'RPC_WSTR'
  RandomGenerator.cpp
  AvatarBase.cpp
c:\steven_daniluk\haa_clean\autonomic\autonomicVersion.h(401): warning C4838: conversion from 'int' to 'const unsigned int' requires a narrowing conversion
c:\steven_daniluk\haa_clean\avatarbase\AvatarBaseVersion.h(69): warning C4838: conversion from 'int' to 'const unsigned int' requires a narrowing conversion
c:\steven_daniluk\haa_clean\avatarbase\..\\ExecutiveMission\\ExecutiveMissionVersion.h(43): warning C4838: conversion from 'int' to 'const unsigned int' requires a narrowing conversion
     Creating library C:\Steven_Daniluk\HAA_Clean\Release\AvatarBase.lib and object C:\Steven_Daniluk\HAA_Clean\Release\AvatarBase.exp
  Generating code
  All 3344 functions were compiled because no usable IPDB/IOBJ from previous compilation was found.
  Finished generating code
  AvatarBase.vcxproj -> C:\Steven_Daniluk\HAA_Clean\Release\AvatarBase.dll
