c:\steven_daniluk\haa_clean\supervisorforage\release\supervisorforage.pch
c:\steven_daniluk\haa_clean\supervisorforage\release\vc140.pdb
c:\steven_daniluk\haa_clean\supervisorforage\release\stdafx.obj
c:\steven_daniluk\haa_clean\supervisorforage\release\supervisorforage.obj
c:\steven_daniluk\haa_clean\supervisorforage\release\randomgenerator.obj
c:\steven_daniluk\haa_clean\supervisorforage\release\logger.obj
c:\steven_daniluk\haa_clean\supervisorforage\release\datastream.obj
c:\steven_daniluk\haa_clean\supervisorforage\release\autonomic.obj
c:\steven_daniluk\haa_clean\supervisorforage\release\agentplayback.obj
c:\steven_daniluk\haa_clean\release\supervisorforage.dll
c:\steven_daniluk\haa_clean\release\supervisorforage.ipdb
c:\steven_daniluk\haa_clean\release\supervisorforage.iobj
c:\steven_daniluk\haa_clean\release\supervisorforage.pdb
c:\steven_daniluk\haa_clean\release\supervisorforage.lib
c:\steven_daniluk\haa_clean\release\supervisorforage.exp
c:\steven_daniluk\haa_clean\supervisorforage\release\supervisorforage.tlog\cl.command.1.tlog
c:\steven_daniluk\haa_clean\supervisorforage\release\supervisorforage.tlog\cl.read.1.tlog
c:\steven_daniluk\haa_clean\supervisorforage\release\supervisorforage.tlog\cl.write.1.tlog
c:\steven_daniluk\haa_clean\supervisorforage\release\supervisorforage.tlog\link.command.1.tlog
c:\steven_daniluk\haa_clean\supervisorforage\release\supervisorforage.tlog\link.read.1.tlog
c:\steven_daniluk\haa_clean\supervisorforage\release\supervisorforage.tlog\link.write.1.tlog
c:\steven_daniluk\haa_clean\supervisorforage\release\supervisorforage.tlog\supervisorforage.write.1u.tlog
