c:\steven_daniluk\haa_clean\debug\avatarx80h.lib
c:\steven_daniluk\haa_clean\debug\avatarx80h.exp
c:\steven_daniluk\haa_clean\avatarx80h\debug\avatarx80h.pch
c:\steven_daniluk\haa_clean\avatarx80h\debug\vc140.pdb
c:\steven_daniluk\haa_clean\avatarx80h\debug\vc140.idb
c:\steven_daniluk\haa_clean\avatarx80h\debug\stdafx.obj
c:\steven_daniluk\haa_clean\avatarx80h\debug\agentplayback.obj
c:\steven_daniluk\haa_clean\avatarx80h\debug\autonomic.obj
c:\steven_daniluk\haa_clean\avatarx80h\debug\datastream.obj
c:\steven_daniluk\haa_clean\avatarx80h\debug\logger.obj
c:\steven_daniluk\haa_clean\avatarx80h\debug\randomgenerator.obj
c:\steven_daniluk\haa_clean\avatarx80h\debug\avatarbase.obj
c:\steven_daniluk\haa_clean\avatarx80h\debug\avatarx80h.obj
c:\steven_daniluk\haa_clean\avatarx80h\debug\dctquant.obj
c:\steven_daniluk\haa_clean\avatarx80h\debug\jpegdecode.obj
c:\steven_daniluk\haa_clean\avatarx80h\debug\jpegdecodehuffman.obj
c:\steven_daniluk\haa_clean\debug\avatarx80h.ilk
c:\steven_daniluk\haa_clean\debug\avatarx80h.dll
c:\steven_daniluk\haa_clean\debug\avatarx80h.pdb
c:\steven_daniluk\haa_clean\avatarx80h\debug\avatarx80h.tlog\avatarx80h.write.1u.tlog
c:\steven_daniluk\haa_clean\avatarx80h\debug\avatarx80h.tlog\cl.command.1.tlog
c:\steven_daniluk\haa_clean\avatarx80h\debug\avatarx80h.tlog\cl.read.1.tlog
c:\steven_daniluk\haa_clean\avatarx80h\debug\avatarx80h.tlog\cl.write.1.tlog
c:\steven_daniluk\haa_clean\avatarx80h\debug\avatarx80h.tlog\link.command.1.tlog
c:\steven_daniluk\haa_clean\avatarx80h\debug\avatarx80h.tlog\link.read.1.tlog
c:\steven_daniluk\haa_clean\avatarx80h\debug\avatarx80h.tlog\link.write.1.tlog
