  stdafx.cpp
  JpegDecodeHuffMan.cpp
c:\steven_daniluk\haa_clean\avatarx80h\jpegdecodehuffman.cpp(92): warning C4996: 'fopen': This function or variable may be unsafe. Consider using fopen_s instead. To disable deprecation, use _CRT_SECURE_NO_WARNINGS. See online help for details.
  c:\program files (x86)\windows kits\10\include\10.0.10240.0\ucrt\stdio.h(205): note: see declaration of 'fopen'
c:\steven_daniluk\haa_clean\avatarx80h\jpegdecodehuffman.cpp(152): warning C4996: 'fopen': This function or variable may be unsafe. Consider using fopen_s instead. To disable deprecation, use _CRT_SECURE_NO_WARNINGS. See online help for details.
  c:\program files (x86)\windows kits\10\include\10.0.10240.0\ucrt\stdio.h(205): note: see declaration of 'fopen'
  JpegDecode.cpp
  DctQuant.cpp
  AvatarX80H.cpp
c:\steven_daniluk\haa_clean\autonomic\autonomicversion.h(401): warning C4838: conversion from 'int' to 'const unsigned int' requires a narrowing conversion
c:\steven_daniluk\haa_clean\include\cximage\xiofile.h(25): warning C4996: '_wfopen': This function or variable may be unsafe. Consider using _wfopen_s instead. To disable deprecation, use _CRT_SECURE_NO_WARNINGS. See online help for details.
  c:\program files (x86)\windows kits\10\include\10.0.10240.0\ucrt\corecrt_wstdio.h(129): note: see declaration of '_wfopen'
c:\steven_daniluk\haa_clean\include\cximage\xiofile.h(117): warning C4996: 'fscanf': This function or variable may be unsafe. Consider using fscanf_s instead. To disable deprecation, use _CRT_SECURE_NO_WARNINGS. See online help for details.
  c:\program files (x86)\windows kits\10\include\10.0.10240.0\ucrt\stdio.h(1193): note: see declaration of 'fscanf'
c:\steven_daniluk\haa_clean\avatarbase\avatarbaseversion.h(69): warning C4838: conversion from 'int' to 'const unsigned int' requires a narrowing conversion
c:\steven_daniluk\haa_clean\avatarx80h\avatarx80h.cpp(295): warning C4996: 'fopen': This function or variable may be unsafe. Consider using fopen_s instead. To disable deprecation, use _CRT_SECURE_NO_WARNINGS. See online help for details.
  c:\program files (x86)\windows kits\10\include\10.0.10240.0\ucrt\stdio.h(205): note: see declaration of 'fopen'
c:\steven_daniluk\haa_clean\avatarx80h\avatarx80h.cpp(296): warning C4996: 'fopen': This function or variable may be unsafe. Consider using fopen_s instead. To disable deprecation, use _CRT_SECURE_NO_WARNINGS. See online help for details.
  c:\program files (x86)\windows kits\10\include\10.0.10240.0\ucrt\stdio.h(205): note: see declaration of 'fopen'
c:\steven_daniluk\haa_clean\avatarx80h\avatarx80h.cpp(807): warning C4996: 'fopen': This function or variable may be unsafe. Consider using fopen_s instead. To disable deprecation, use _CRT_SECURE_NO_WARNINGS. See online help for details.
  c:\program files (x86)\windows kits\10\include\10.0.10240.0\ucrt\stdio.h(205): note: see declaration of 'fopen'
  AvatarBase.cpp
c:\steven_daniluk\haa_clean\autonomic\autonomicversion.h(401): warning C4838: conversion from 'int' to 'const unsigned int' requires a narrowing conversion
c:\steven_daniluk\haa_clean\avatarbase\avatarbaseversion.h(69): warning C4838: conversion from 'int' to 'const unsigned int' requires a narrowing conversion
c:\steven_daniluk\haa_clean\executivemission\executivemissionversion.h(43): warning C4838: conversion from 'int' to 'const unsigned int' requires a narrowing conversion
  RandomGenerator.cpp
  Logger.cpp
c:\steven_daniluk\haa_clean\autonomic\autonomicversion.h(401): warning C4838: conversion from 'int' to 'const unsigned int' requires a narrowing conversion
c:\steven_daniluk\haa_clean\autonomic\logger.cpp(187): warning C4477: 'sprintf_s' : format string '%ls' requires an argument of type 'wchar_t *', but variadic argument 1 has type 'RPC_WSTR'
  dataStream.cpp
  autonomic.cpp
c:\steven_daniluk\haa_clean\autonomic\autonomicversion.h(401): warning C4838: conversion from 'int' to 'const unsigned int' requires a narrowing conversion
c:\steven_daniluk\haa_clean\autonomic\autonomic.cpp(59): warning C4477: 'sprintf_s' : format string '%ls' requires an argument of type 'wchar_t *', but variadic argument 2 has type 'RPC_WSTR'
  agentPlayback.cpp
c:\steven_daniluk\haa_clean\autonomic\autonomicversion.h(401): warning C4838: conversion from 'int' to 'const unsigned int' requires a narrowing conversion
  Generating Code...
agentPlayback.obj : warning LNK4075: ignoring '/EDITANDCONTINUE' due to '/SAFESEH' specification
     Creating library C:\Steven_Daniluk\HAA_Clean\Debug\AvatarX80H.lib and object C:\Steven_Daniluk\HAA_Clean\Debug\AvatarX80H.exp
LINK : warning LNK4098: defaultlib 'MSVCRT' conflicts with use of other libs; use /NODEFAULTLIB:library
  AvatarX80H.vcxproj -> C:\Steven_Daniluk\HAA_Clean\Debug\AvatarX80H.dll
