c:\steven_daniluk\haa_clean\supervisorforage\debug\supervisorforage.pch
c:\steven_daniluk\haa_clean\supervisorforage\debug\vc140.pdb
c:\steven_daniluk\haa_clean\supervisorforage\debug\vc140.idb
c:\steven_daniluk\haa_clean\supervisorforage\debug\stdafx.obj
c:\steven_daniluk\haa_clean\supervisorforage\debug\agentplayback.obj
c:\steven_daniluk\haa_clean\supervisorforage\debug\autonomic.obj
c:\steven_daniluk\haa_clean\supervisorforage\debug\datastream.obj
c:\steven_daniluk\haa_clean\supervisorforage\debug\logger.obj
c:\steven_daniluk\haa_clean\supervisorforage\debug\randomgenerator.obj
c:\steven_daniluk\haa_clean\supervisorforage\debug\supervisorforage.obj
c:\steven_daniluk\haa_clean\debug\supervisorforage.ilk
c:\steven_daniluk\haa_clean\debug\supervisorforage.dll
c:\steven_daniluk\haa_clean\debug\supervisorforage.pdb
c:\steven_daniluk\haa_clean\debug\supervisorforage.lib
c:\steven_daniluk\haa_clean\debug\supervisorforage.exp
c:\steven_daniluk\haa_clean\supervisorforage\debug\supervisorforage.tlog\cl.command.1.tlog
c:\steven_daniluk\haa_clean\supervisorforage\debug\supervisorforage.tlog\cl.read.1.tlog
c:\steven_daniluk\haa_clean\supervisorforage\debug\supervisorforage.tlog\cl.write.1.tlog
c:\steven_daniluk\haa_clean\supervisorforage\debug\supervisorforage.tlog\link.command.1.tlog
c:\steven_daniluk\haa_clean\supervisorforage\debug\supervisorforage.tlog\link.read.1.tlog
c:\steven_daniluk\haa_clean\supervisorforage\debug\supervisorforage.tlog\link.write.1.tlog
c:\steven_daniluk\haa_clean\supervisorforage\debug\supervisorforage.tlog\supervisorforage.write.1u.tlog
