c:\steven_daniluk\haa_clean\release\avatarpioneer.lib
c:\steven_daniluk\haa_clean\release\avatarpioneer.exp
c:\steven_daniluk\haa_clean\avatarpioneer\release\avatarpioneer.pch
c:\steven_daniluk\haa_clean\avatarpioneer\release\vc140.pdb
c:\steven_daniluk\haa_clean\avatarpioneer\release\stdafx.obj
c:\steven_daniluk\haa_clean\avatarpioneer\release\avatarpioneer.obj
c:\steven_daniluk\haa_clean\avatarpioneer\release\avatarbase.obj
c:\steven_daniluk\haa_clean\avatarpioneer\release\randomgenerator.obj
c:\steven_daniluk\haa_clean\avatarpioneer\release\logger.obj
c:\steven_daniluk\haa_clean\avatarpioneer\release\datastream.obj
c:\steven_daniluk\haa_clean\avatarpioneer\release\autonomic.obj
c:\steven_daniluk\haa_clean\avatarpioneer\release\agentplayback.obj
c:\steven_daniluk\haa_clean\release\avatarpioneer.dll
c:\steven_daniluk\haa_clean\release\avatarpioneer.ipdb
c:\steven_daniluk\haa_clean\release\avatarpioneer.iobj
c:\steven_daniluk\haa_clean\release\avatarpioneer.pdb
c:\steven_daniluk\haa_clean\avatarpioneer\release\avatarpioneer.tlog\avatarpioneer.write.1u.tlog
c:\steven_daniluk\haa_clean\avatarpioneer\release\avatarpioneer.tlog\cl.command.1.tlog
c:\steven_daniluk\haa_clean\avatarpioneer\release\avatarpioneer.tlog\cl.read.1.tlog
c:\steven_daniluk\haa_clean\avatarpioneer\release\avatarpioneer.tlog\cl.write.1.tlog
c:\steven_daniluk\haa_clean\avatarpioneer\release\avatarpioneer.tlog\link.command.1.tlog
c:\steven_daniluk\haa_clean\avatarpioneer\release\avatarpioneer.tlog\link.read.1.tlog
c:\steven_daniluk\haa_clean\avatarpioneer\release\avatarpioneer.tlog\link.write.1.tlog
