c:\steven_daniluk\haa_clean\supervisorslam\release\supervisorslam.pch
c:\steven_daniluk\haa_clean\supervisorslam\release\vc140.pdb
c:\steven_daniluk\haa_clean\supervisorslam\release\stdafx.obj
c:\steven_daniluk\haa_clean\supervisorslam\release\supervisorslam.obj
c:\steven_daniluk\haa_clean\supervisorslam\release\randomgenerator.obj
c:\steven_daniluk\haa_clean\supervisorslam\release\logger.obj
c:\steven_daniluk\haa_clean\supervisorslam\release\datastream.obj
c:\steven_daniluk\haa_clean\supervisorslam\release\autonomic.obj
c:\steven_daniluk\haa_clean\supervisorslam\release\agentplayback.obj
c:\steven_daniluk\haa_clean\release\supervisorslam.dll
c:\steven_daniluk\haa_clean\release\supervisorslam.ipdb
c:\steven_daniluk\haa_clean\release\supervisorslam.iobj
c:\steven_daniluk\haa_clean\release\supervisorslam.pdb
c:\steven_daniluk\haa_clean\release\supervisorslam.lib
c:\steven_daniluk\haa_clean\release\supervisorslam.exp
c:\steven_daniluk\haa_clean\supervisorslam\release\supervisorslam.tlog\cl.command.1.tlog
c:\steven_daniluk\haa_clean\supervisorslam\release\supervisorslam.tlog\cl.read.1.tlog
c:\steven_daniluk\haa_clean\supervisorslam\release\supervisorslam.tlog\cl.write.1.tlog
c:\steven_daniluk\haa_clean\supervisorslam\release\supervisorslam.tlog\link.command.1.tlog
c:\steven_daniluk\haa_clean\supervisorslam\release\supervisorslam.tlog\link.read.1.tlog
c:\steven_daniluk\haa_clean\supervisorslam\release\supervisorslam.tlog\link.write.1.tlog
c:\steven_daniluk\haa_clean\supervisorslam\release\supervisorslam.tlog\supervisorslam.write.1u.tlog
