c:\steven_daniluk\haa_clean\executiveofflineslam\release\executiveofflineslam.pch
c:\steven_daniluk\haa_clean\executiveofflineslam\release\vc140.pdb
c:\steven_daniluk\haa_clean\executiveofflineslam\release\stdafx.obj
c:\steven_daniluk\haa_clean\executiveofflineslam\release\executiveofflineslam.obj
c:\steven_daniluk\haa_clean\executiveofflineslam\release\randomgenerator.obj
c:\steven_daniluk\haa_clean\executiveofflineslam\release\logger.obj
c:\steven_daniluk\haa_clean\executiveofflineslam\release\datastream.obj
c:\steven_daniluk\haa_clean\executiveofflineslam\release\autonomic.obj
c:\steven_daniluk\haa_clean\executiveofflineslam\release\agentplayback.obj
c:\steven_daniluk\haa_clean\release\executiveofflineslam.lib
c:\steven_daniluk\haa_clean\release\executiveofflineslam.exp
c:\steven_daniluk\haa_clean\release\executiveofflineslam.dll
c:\steven_daniluk\haa_clean\release\executiveofflineslam.ipdb
c:\steven_daniluk\haa_clean\release\executiveofflineslam.iobj
c:\steven_daniluk\haa_clean\release\executiveofflineslam.pdb
c:\steven_daniluk\haa_clean\executiveofflineslam\release\executiv.7d188da8.tlog\cl.command.1.tlog
c:\steven_daniluk\haa_clean\executiveofflineslam\release\executiv.7d188da8.tlog\cl.read.1.tlog
c:\steven_daniluk\haa_clean\executiveofflineslam\release\executiv.7d188da8.tlog\cl.write.1.tlog
c:\steven_daniluk\haa_clean\executiveofflineslam\release\executiv.7d188da8.tlog\executiveofflineslam.write.1u.tlog
c:\steven_daniluk\haa_clean\executiveofflineslam\release\executiv.7d188da8.tlog\link.command.1.tlog
c:\steven_daniluk\haa_clean\executiveofflineslam\release\executiv.7d188da8.tlog\link.read.1.tlog
c:\steven_daniluk\haa_clean\executiveofflineslam\release\executiv.7d188da8.tlog\link.write.1.tlog
