c:\steven_daniluk\haa_clean\autonomic\release\autonomic.pch
c:\steven_daniluk\haa_clean\autonomic\release\vc140.pdb
c:\steven_daniluk\haa_clean\autonomic\release\stdafx.obj
c:\steven_daniluk\haa_clean\autonomic\release\randomgenerator.obj
c:\steven_daniluk\haa_clean\autonomic\release\main.obj
c:\steven_daniluk\haa_clean\autonomic\release\logger.obj
c:\steven_daniluk\haa_clean\autonomic\release\ddbstore.obj
c:\steven_daniluk\haa_clean\autonomic\release\datastream.obj
c:\steven_daniluk\haa_clean\autonomic\release\autonomic.obj
c:\steven_daniluk\haa_clean\autonomic\release\agentplayback.obj
c:\steven_daniluk\haa_clean\autonomic\release\agenthost.obj
c:\steven_daniluk\haa_clean\release\autonomic.exe
c:\steven_daniluk\haa_clean\release\autonomic.ipdb
c:\steven_daniluk\haa_clean\release\autonomic.iobj
c:\steven_daniluk\haa_clean\release\autonomic.pdb
c:\steven_daniluk\haa_clean\autonomic\release\autonomic.tlog\cl.command.1.tlog
c:\steven_daniluk\haa_clean\autonomic\release\autonomic.tlog\cl.read.1.tlog
c:\steven_daniluk\haa_clean\autonomic\release\autonomic.tlog\cl.write.1.tlog
c:\steven_daniluk\haa_clean\autonomic\release\autonomic.tlog\link.command.1.tlog
c:\steven_daniluk\haa_clean\autonomic\release\autonomic.tlog\link.read.1.tlog
c:\steven_daniluk\haa_clean\autonomic\release\autonomic.tlog\link.write.1.tlog
