c:\steven_daniluk\haa_clean\executiveavatar\debug\executiveavatar.pch
c:\steven_daniluk\haa_clean\executiveavatar\debug\vc140.pdb
c:\steven_daniluk\haa_clean\executiveavatar\debug\vc140.idb
c:\steven_daniluk\haa_clean\executiveavatar\debug\stdafx.obj
c:\steven_daniluk\haa_clean\executiveavatar\debug\agentplayback.obj
c:\steven_daniluk\haa_clean\executiveavatar\debug\autonomic.obj
c:\steven_daniluk\haa_clean\executiveavatar\debug\datastream.obj
c:\steven_daniluk\haa_clean\executiveavatar\debug\logger.obj
c:\steven_daniluk\haa_clean\executiveavatar\debug\randomgenerator.obj
c:\steven_daniluk\haa_clean\executiveavatar\debug\executiveavatar.obj
c:\steven_daniluk\haa_clean\debug\executiveavatar.lib
c:\steven_daniluk\haa_clean\debug\executiveavatar.exp
c:\steven_daniluk\haa_clean\debug\executiveavatar.ilk
c:\steven_daniluk\haa_clean\debug\executiveavatar.dll
c:\steven_daniluk\haa_clean\debug\executiveavatar.pdb
c:\steven_daniluk\haa_clean\executiveavatar\debug\executiveavatar.tlog\cl.command.1.tlog
c:\steven_daniluk\haa_clean\executiveavatar\debug\executiveavatar.tlog\cl.read.1.tlog
c:\steven_daniluk\haa_clean\executiveavatar\debug\executiveavatar.tlog\cl.write.1.tlog
c:\steven_daniluk\haa_clean\executiveavatar\debug\executiveavatar.tlog\executiveavatar.write.1u.tlog
c:\steven_daniluk\haa_clean\executiveavatar\debug\executiveavatar.tlog\link.command.1.tlog
c:\steven_daniluk\haa_clean\executiveavatar\debug\executiveavatar.tlog\link.read.1.tlog
c:\steven_daniluk\haa_clean\executiveavatar\debug\executiveavatar.tlog\link.write.1.tlog
