c:\steven_daniluk\haa_clean\executivemission\debug\executivemission.pch
c:\steven_daniluk\haa_clean\executivemission\debug\vc140.pdb
c:\steven_daniluk\haa_clean\executivemission\debug\vc140.idb
c:\steven_daniluk\haa_clean\executivemission\debug\stdafx.obj
c:\steven_daniluk\haa_clean\executivemission\debug\agentplayback.obj
c:\steven_daniluk\haa_clean\executivemission\debug\autonomic.obj
c:\steven_daniluk\haa_clean\executivemission\debug\datastream.obj
c:\steven_daniluk\haa_clean\executivemission\debug\logger.obj
c:\steven_daniluk\haa_clean\executivemission\debug\randomgenerator.obj
c:\steven_daniluk\haa_clean\executivemission\debug\executivemission.obj
c:\steven_daniluk\haa_clean\debug\executivemission.lib
c:\steven_daniluk\haa_clean\debug\executivemission.exp
c:\steven_daniluk\haa_clean\debug\executivemission.ilk
c:\steven_daniluk\haa_clean\debug\executivemission.dll
c:\steven_daniluk\haa_clean\debug\executivemission.pdb
c:\steven_daniluk\haa_clean\executivemission\debug\executivemission.tlog\cl.command.1.tlog
c:\steven_daniluk\haa_clean\executivemission\debug\executivemission.tlog\cl.read.1.tlog
c:\steven_daniluk\haa_clean\executivemission\debug\executivemission.tlog\cl.write.1.tlog
c:\steven_daniluk\haa_clean\executivemission\debug\executivemission.tlog\executivemission.write.1u.tlog
c:\steven_daniluk\haa_clean\executivemission\debug\executivemission.tlog\link.command.1.tlog
c:\steven_daniluk\haa_clean\executivemission\debug\executivemission.tlog\link.read.1.tlog
c:\steven_daniluk\haa_clean\executivemission\debug\executivemission.tlog\link.write.1.tlog
