c:\steven_daniluk\haa_clean\debug\avatarpioneer.lib
c:\steven_daniluk\haa_clean\debug\avatarpioneer.exp
c:\steven_daniluk\haa_clean\avatarpioneer\debug\avatarpioneer.pch
c:\steven_daniluk\haa_clean\avatarpioneer\debug\vc140.pdb
c:\steven_daniluk\haa_clean\avatarpioneer\debug\stdafx.obj
c:\steven_daniluk\haa_clean\avatarpioneer\debug\avatarpioneer.obj
c:\steven_daniluk\haa_clean\avatarpioneer\debug\avatarbase.obj
c:\steven_daniluk\haa_clean\avatarpioneer\debug\randomgenerator.obj
c:\steven_daniluk\haa_clean\avatarpioneer\debug\logger.obj
c:\steven_daniluk\haa_clean\avatarpioneer\debug\datastream.obj
c:\steven_daniluk\haa_clean\avatarpioneer\debug\autonomic.obj
c:\steven_daniluk\haa_clean\avatarpioneer\debug\agentplayback.obj
c:\steven_daniluk\haa_clean\debug\avatarpioneer.ilk
c:\steven_daniluk\haa_clean\debug\avatarpioneer.dll
c:\steven_daniluk\haa_clean\debug\avatarpioneer.pdb
c:\steven_daniluk\haa_clean\avatarpioneer\debug\avatarpioneer.tlog\avatarpioneer.write.1u.tlog
c:\steven_daniluk\haa_clean\avatarpioneer\debug\avatarpioneer.tlog\cl.command.1.tlog
c:\steven_daniluk\haa_clean\avatarpioneer\debug\avatarpioneer.tlog\cl.read.1.tlog
c:\steven_daniluk\haa_clean\avatarpioneer\debug\avatarpioneer.tlog\cl.write.1.tlog
c:\steven_daniluk\haa_clean\avatarpioneer\debug\avatarpioneer.tlog\link.command.1.tlog
c:\steven_daniluk\haa_clean\avatarpioneer\debug\avatarpioneer.tlog\link.read.1.tlog
c:\steven_daniluk\haa_clean\avatarpioneer\debug\avatarpioneer.tlog\link.write.1.tlog
