c:\steven_daniluk\haa_clean\executivemission\release\executivemission.pch
c:\steven_daniluk\haa_clean\executivemission\release\vc140.pdb
c:\steven_daniluk\haa_clean\executivemission\release\stdafx.obj
c:\steven_daniluk\haa_clean\executivemission\release\executivemission.obj
c:\steven_daniluk\haa_clean\executivemission\release\randomgenerator.obj
c:\steven_daniluk\haa_clean\executivemission\release\logger.obj
c:\steven_daniluk\haa_clean\executivemission\release\datastream.obj
c:\steven_daniluk\haa_clean\executivemission\release\autonomic.obj
c:\steven_daniluk\haa_clean\executivemission\release\agentplayback.obj
c:\steven_daniluk\haa_clean\release\executivemission.lib
c:\steven_daniluk\haa_clean\release\executivemission.exp
c:\steven_daniluk\haa_clean\release\executivemission.dll
c:\steven_daniluk\haa_clean\release\executivemission.ipdb
c:\steven_daniluk\haa_clean\release\executivemission.iobj
c:\steven_daniluk\haa_clean\release\executivemission.pdb
c:\steven_daniluk\haa_clean\executivemission\release\executivemission.tlog\cl.command.1.tlog
c:\steven_daniluk\haa_clean\executivemission\release\executivemission.tlog\cl.read.1.tlog
c:\steven_daniluk\haa_clean\executivemission\release\executivemission.tlog\cl.write.1.tlog
c:\steven_daniluk\haa_clean\executivemission\release\executivemission.tlog\executivemission.write.1u.tlog
c:\steven_daniluk\haa_clean\executivemission\release\executivemission.tlog\link.command.1.tlog
c:\steven_daniluk\haa_clean\executivemission\release\executivemission.tlog\link.read.1.tlog
c:\steven_daniluk\haa_clean\executivemission\release\executivemission.tlog\link.write.1.tlog
