c:\steven_daniluk\haa_clean\release\avatarsimulation.lib
c:\steven_daniluk\haa_clean\release\avatarsimulation.exp
c:\steven_daniluk\haa_clean\avatarsimulation\release\avatarsimulation.pch
c:\steven_daniluk\haa_clean\avatarsimulation\release\vc140.pdb
c:\steven_daniluk\haa_clean\avatarsimulation\release\stdafx.obj
c:\steven_daniluk\haa_clean\avatarsimulation\release\avatarsimulation.obj
c:\steven_daniluk\haa_clean\avatarsimulation\release\avatarbase.obj
c:\steven_daniluk\haa_clean\avatarsimulation\release\randomgenerator.obj
c:\steven_daniluk\haa_clean\avatarsimulation\release\logger.obj
c:\steven_daniluk\haa_clean\avatarsimulation\release\datastream.obj
c:\steven_daniluk\haa_clean\avatarsimulation\release\autonomic.obj
c:\steven_daniluk\haa_clean\avatarsimulation\release\agentplayback.obj
c:\steven_daniluk\haa_clean\release\avatarsimulation.dll
c:\steven_daniluk\haa_clean\release\avatarsimulation.ipdb
c:\steven_daniluk\haa_clean\release\avatarsimulation.iobj
c:\steven_daniluk\haa_clean\release\avatarsimulation.pdb
c:\steven_daniluk\haa_clean\avatarsimulation\release\avatarsimulation.tlog\avatarsimulation.write.1u.tlog
c:\steven_daniluk\haa_clean\avatarsimulation\release\avatarsimulation.tlog\cl.command.1.tlog
c:\steven_daniluk\haa_clean\avatarsimulation\release\avatarsimulation.tlog\cl.read.1.tlog
c:\steven_daniluk\haa_clean\avatarsimulation\release\avatarsimulation.tlog\cl.write.1.tlog
c:\steven_daniluk\haa_clean\avatarsimulation\release\avatarsimulation.tlog\link.command.1.tlog
c:\steven_daniluk\haa_clean\avatarsimulation\release\avatarsimulation.tlog\link.read.1.tlog
c:\steven_daniluk\haa_clean\avatarsimulation\release\avatarsimulation.tlog\link.write.1.tlog
