  stdafx.cpp
  agentPlayback.cpp
c:\steven_daniluk\haa_clean\autonomic\autonomicVersion.h(401): warning C4838: conversion from 'int' to 'const unsigned int' requires a narrowing conversion
  autonomic.cpp
c:\steven_daniluk\haa_clean\autonomic\autonomicVersion.h(401): warning C4838: conversion from 'int' to 'const unsigned int' requires a narrowing conversion
..\Autonomic\autonomic.cpp(59): warning C4477: 'sprintf_s' : format string '%ls' requires an argument of type 'wchar_t *', but variadic argument 2 has type 'RPC_WSTR'
  dataStream.cpp
  Logger.cpp
c:\steven_daniluk\haa_clean\autonomic\autonomicVersion.h(401): warning C4838: conversion from 'int' to 'const unsigned int' requires a narrowing conversion
..\Autonomic\Logger.cpp(187): warning C4477: 'sprintf_s' : format string '%ls' requires an argument of type 'wchar_t *', but variadic argument 1 has type 'RPC_WSTR'
  RandomGenerator.cpp
  AvatarBase.cpp
c:\steven_daniluk\haa_clean\autonomic\autonomicVersion.h(401): warning C4838: conversion from 'int' to 'const unsigned int' requires a narrowing conversion
c:\steven_daniluk\haa_clean\avatarbase\AvatarBaseVersion.h(69): warning C4838: conversion from 'int' to 'const unsigned int' requires a narrowing conversion
c:\steven_daniluk\haa_clean\avatarbase\..\\ExecutiveMission\\ExecutiveMissionVersion.h(43): warning C4838: conversion from 'int' to 'const unsigned int' requires a narrowing conversion
  AvatarSimulation.cpp
c:\steven_daniluk\haa_clean\autonomic\autonomicVersion.h(401): warning C4838: conversion from 'int' to 'const unsigned int' requires a narrowing conversion
c:\steven_daniluk\haa_clean\avatarsimulation\..\\AvatarBase\\AvatarBaseVersion.h(69): warning C4838: conversion from 'int' to 'const unsigned int' requires a narrowing conversion
c:\steven_daniluk\haa_clean\avatarsimulation\..\\ExecutiveSimulation\\ExecutiveSimulationVersion.h(60): warning C4838: conversion from 'int' to 'const unsigned int' requires a narrowing conversion
AvatarSimulation.cpp(100): warning C4477: 'sprintf_s' : format string '%ls' requires an argument of type 'wchar_t *', but variadic argument 3 has type 'RPC_WSTR'
AvatarSimulation.cpp(310): warning C4473: 'fscanf_s' : not enough arguments passed for format string
  AvatarSimulation.cpp(310): note: placeholders and their parameters expect 8 variadic arguments, but 7 were provided
  AvatarSimulation.cpp(310): note: the missing variadic argument 8 is required by format string '%f'
AvatarSimulation.cpp(345): warning C4473: 'fscanf_s' : not enough arguments passed for format string
  AvatarSimulation.cpp(345): note: placeholders and their parameters expect 7 variadic arguments, but 6 were provided
  AvatarSimulation.cpp(345): note: the missing variadic argument 7 is required by format string '%f'
     Creating library C:\Steven_Daniluk\HAA_Clean\Release\AvatarSimulation.lib and object C:\Steven_Daniluk\HAA_Clean\Release\AvatarSimulation.exp
  Generating code
  All 3642 functions were compiled because no usable IPDB/IOBJ from previous compilation was found.
  Finished generating code
  AvatarSimulation.vcxproj -> C:\Steven_Daniluk\HAA_Clean\Release\AvatarSimulation.dll
