c:\steven_daniluk\haa_clean\supervisorexplore\debug\supervisorexplore.pch
c:\steven_daniluk\haa_clean\supervisorexplore\debug\vc140.pdb
c:\steven_daniluk\haa_clean\supervisorexplore\debug\vc140.idb
c:\steven_daniluk\haa_clean\supervisorexplore\debug\stdafx.obj
c:\steven_daniluk\haa_clean\supervisorexplore\debug\agentplayback.obj
c:\steven_daniluk\haa_clean\supervisorexplore\debug\autonomic.obj
c:\steven_daniluk\haa_clean\supervisorexplore\debug\datastream.obj
c:\steven_daniluk\haa_clean\supervisorexplore\debug\logger.obj
c:\steven_daniluk\haa_clean\supervisorexplore\debug\randomgenerator.obj
c:\steven_daniluk\haa_clean\supervisorexplore\debug\supervisorexplore.obj
c:\steven_daniluk\haa_clean\debug\supervisorexplore.ilk
c:\steven_daniluk\haa_clean\debug\supervisorexplore.dll
c:\steven_daniluk\haa_clean\debug\supervisorexplore.pdb
c:\steven_daniluk\haa_clean\debug\supervisorexplore.lib
c:\steven_daniluk\haa_clean\debug\supervisorexplore.exp
c:\steven_daniluk\haa_clean\supervisorexplore\debug\supervis.34a88bf6.tlog\cl.command.1.tlog
c:\steven_daniluk\haa_clean\supervisorexplore\debug\supervis.34a88bf6.tlog\cl.read.1.tlog
c:\steven_daniluk\haa_clean\supervisorexplore\debug\supervis.34a88bf6.tlog\cl.write.1.tlog
c:\steven_daniluk\haa_clean\supervisorexplore\debug\supervis.34a88bf6.tlog\link.command.1.tlog
c:\steven_daniluk\haa_clean\supervisorexplore\debug\supervis.34a88bf6.tlog\link.read.1.tlog
c:\steven_daniluk\haa_clean\supervisorexplore\debug\supervis.34a88bf6.tlog\link.write.1.tlog
c:\steven_daniluk\haa_clean\supervisorexplore\debug\supervis.34a88bf6.tlog\supervisorexplore.write.1u.tlog
