c:\steven_daniluk\haa_clean\debug\avatarsimulation.lib
c:\steven_daniluk\haa_clean\debug\avatarsimulation.exp
c:\steven_daniluk\haa_clean\avatarsimulation\debug\avatarsimulation.pch
c:\steven_daniluk\haa_clean\avatarsimulation\debug\vc140.pdb
c:\steven_daniluk\haa_clean\avatarsimulation\debug\vc140.idb
c:\steven_daniluk\haa_clean\avatarsimulation\debug\stdafx.obj
c:\steven_daniluk\haa_clean\avatarsimulation\debug\agentplayback.obj
c:\steven_daniluk\haa_clean\avatarsimulation\debug\autonomic.obj
c:\steven_daniluk\haa_clean\avatarsimulation\debug\datastream.obj
c:\steven_daniluk\haa_clean\avatarsimulation\debug\logger.obj
c:\steven_daniluk\haa_clean\avatarsimulation\debug\randomgenerator.obj
c:\steven_daniluk\haa_clean\avatarsimulation\debug\avatarbase.obj
c:\steven_daniluk\haa_clean\avatarsimulation\debug\avatarsimulation.obj
c:\steven_daniluk\haa_clean\debug\avatarsimulation.ilk
c:\steven_daniluk\haa_clean\debug\avatarsimulation.dll
c:\steven_daniluk\haa_clean\debug\avatarsimulation.pdb
c:\steven_daniluk\haa_clean\avatarsimulation\debug\avatarsimulation.tlog\avatarsimulation.write.1u.tlog
c:\steven_daniluk\haa_clean\avatarsimulation\debug\avatarsimulation.tlog\cl.command.1.tlog
c:\steven_daniluk\haa_clean\avatarsimulation\debug\avatarsimulation.tlog\cl.read.1.tlog
c:\steven_daniluk\haa_clean\avatarsimulation\debug\avatarsimulation.tlog\cl.write.1.tlog
c:\steven_daniluk\haa_clean\avatarsimulation\debug\avatarsimulation.tlog\link.command.1.tlog
c:\steven_daniluk\haa_clean\avatarsimulation\debug\avatarsimulation.tlog\link.read.1.tlog
c:\steven_daniluk\haa_clean\avatarsimulation\debug\avatarsimulation.tlog\link.write.1.tlog
