c:\steven_daniluk\haa_clean\autonomicgui\release\autonomicgui.pch
c:\steven_daniluk\haa_clean\autonomicgui\release\vc140.pdb
c:\steven_daniluk\haa_clean\autonomicgui\release\stdafx.obj
c:\steven_daniluk\haa_clean\autonomicgui\release\visualize.obj
c:\steven_daniluk\haa_clean\autonomicgui\release\thinsocket.obj
c:\steven_daniluk\haa_clean\autonomicgui\release\openglcontrol.obj
c:\steven_daniluk\haa_clean\autonomicgui\release\guiobject.obj
c:\steven_daniluk\haa_clean\autonomicgui\release\autonomicguidlg.obj
c:\steven_daniluk\haa_clean\autonomicgui\release\autonomicgui.obj
c:\steven_daniluk\haa_clean\autonomicgui\release\agentmirrorgui.obj
c:\steven_daniluk\haa_clean\autonomicgui\release\agentmirror.obj
c:\steven_daniluk\haa_clean\autonomicgui\release\rr_api.obj
c:\steven_daniluk\haa_clean\autonomicgui\release\randomgenerator.obj
c:\steven_daniluk\haa_clean\autonomicgui\release\logger.obj
c:\steven_daniluk\haa_clean\autonomicgui\release\fimage.obj
c:\steven_daniluk\haa_clean\autonomicgui\release\ddbstore.obj
c:\steven_daniluk\haa_clean\autonomicgui\release\datastream.obj
c:\steven_daniluk\haa_clean\autonomicgui\release\agentplayback.obj
c:\steven_daniluk\haa_clean\release\autonomicgui.exe
c:\steven_daniluk\haa_clean\release\autonomicgui.ipdb
c:\steven_daniluk\haa_clean\release\autonomicgui.iobj
c:\steven_daniluk\haa_clean\release\autonomicgui.pdb
c:\steven_daniluk\haa_clean\autonomicgui\release\autonomicgui.res
c:\steven_daniluk\haa_clean\autonomicgui\release\autonomicgui.tlog\cl.command.1.tlog
c:\steven_daniluk\haa_clean\autonomicgui\release\autonomicgui.tlog\cl.read.1.tlog
c:\steven_daniluk\haa_clean\autonomicgui\release\autonomicgui.tlog\cl.write.1.tlog
c:\steven_daniluk\haa_clean\autonomicgui\release\autonomicgui.tlog\link.command.1.tlog
c:\steven_daniluk\haa_clean\autonomicgui\release\autonomicgui.tlog\link.read.1.tlog
c:\steven_daniluk\haa_clean\autonomicgui\release\autonomicgui.tlog\link.write.1.tlog
c:\steven_daniluk\haa_clean\autonomicgui\release\autonomicgui.tlog\rc.command.1.tlog
c:\steven_daniluk\haa_clean\autonomicgui\release\autonomicgui.tlog\rc.read.1.tlog
c:\steven_daniluk\haa_clean\autonomicgui\release\autonomicgui.tlog\rc.write.1.tlog
