c:\steven_daniluk\haa_clean\executivesimulation\debug\executivesimulation.pch
c:\steven_daniluk\haa_clean\executivesimulation\debug\vc140.pdb
c:\steven_daniluk\haa_clean\executivesimulation\debug\vc140.idb
c:\steven_daniluk\haa_clean\executivesimulation\debug\stdafx.obj
c:\steven_daniluk\haa_clean\executivesimulation\debug\agentplayback.obj
c:\steven_daniluk\haa_clean\executivesimulation\debug\autonomic.obj
c:\steven_daniluk\haa_clean\executivesimulation\debug\datastream.obj
c:\steven_daniluk\haa_clean\executivesimulation\debug\logger.obj
c:\steven_daniluk\haa_clean\executivesimulation\debug\randomgenerator.obj
c:\steven_daniluk\haa_clean\executivesimulation\debug\executivesimulation.obj
c:\steven_daniluk\haa_clean\debug\executivesimulation.lib
c:\steven_daniluk\haa_clean\debug\executivesimulation.exp
c:\steven_daniluk\haa_clean\debug\executivesimulation.ilk
c:\steven_daniluk\haa_clean\debug\executivesimulation.dll
c:\steven_daniluk\haa_clean\debug\executivesimulation.pdb
c:\steven_daniluk\haa_clean\executivesimulation\debug\executiv.3af10998.tlog\cl.command.1.tlog
c:\steven_daniluk\haa_clean\executivesimulation\debug\executiv.3af10998.tlog\cl.read.1.tlog
c:\steven_daniluk\haa_clean\executivesimulation\debug\executiv.3af10998.tlog\cl.write.1.tlog
c:\steven_daniluk\haa_clean\executivesimulation\debug\executiv.3af10998.tlog\executivesimulation.write.1u.tlog
c:\steven_daniluk\haa_clean\executivesimulation\debug\executiv.3af10998.tlog\link.command.1.tlog
c:\steven_daniluk\haa_clean\executivesimulation\debug\executiv.3af10998.tlog\link.read.1.tlog
c:\steven_daniluk\haa_clean\executivesimulation\debug\executiv.3af10998.tlog\link.write.1.tlog
