c:\steven_daniluk\haa_clean\release\avatarer1.lib
c:\steven_daniluk\haa_clean\release\avatarer1.exp
c:\steven_daniluk\haa_clean\avatarer1\release\avatarer1.pch
c:\steven_daniluk\haa_clean\avatarer1\release\vc140.pdb
c:\steven_daniluk\haa_clean\avatarer1\release\stdafx.obj
c:\steven_daniluk\haa_clean\avatarer1\release\avatarer1.obj
c:\steven_daniluk\haa_clean\avatarer1\release\avatarbase.obj
c:\steven_daniluk\haa_clean\avatarer1\release\randomgenerator.obj
c:\steven_daniluk\haa_clean\avatarer1\release\logger.obj
c:\steven_daniluk\haa_clean\avatarer1\release\datastream.obj
c:\steven_daniluk\haa_clean\avatarer1\release\autonomic.obj
c:\steven_daniluk\haa_clean\avatarer1\release\agentplayback.obj
c:\steven_daniluk\haa_clean\release\avatarer1.dll
c:\steven_daniluk\haa_clean\release\avatarer1.ipdb
c:\steven_daniluk\haa_clean\release\avatarer1.iobj
c:\steven_daniluk\haa_clean\release\avatarer1.pdb
c:\steven_daniluk\haa_clean\avatarer1\release\avatarer1.tlog\avatarer1.write.1u.tlog
c:\steven_daniluk\haa_clean\avatarer1\release\avatarer1.tlog\cl.command.1.tlog
c:\steven_daniluk\haa_clean\avatarer1\release\avatarer1.tlog\cl.read.1.tlog
c:\steven_daniluk\haa_clean\avatarer1\release\avatarer1.tlog\cl.write.1.tlog
c:\steven_daniluk\haa_clean\avatarer1\release\avatarer1.tlog\link.command.1.tlog
c:\steven_daniluk\haa_clean\avatarer1\release\avatarer1.tlog\link.read.1.tlog
c:\steven_daniluk\haa_clean\avatarer1\release\avatarer1.tlog\link.write.1.tlog
