c:\steven_daniluk\haa_clean\release\avatarx80h.lib
c:\steven_daniluk\haa_clean\release\avatarx80h.exp
c:\steven_daniluk\haa_clean\avatarx80h\release\avatarx80h.pch
c:\steven_daniluk\haa_clean\avatarx80h\release\vc140.pdb
c:\steven_daniluk\haa_clean\avatarx80h\release\stdafx.obj
c:\steven_daniluk\haa_clean\avatarx80h\release\jpegdecodehuffman.obj
c:\steven_daniluk\haa_clean\avatarx80h\release\jpegdecode.obj
c:\steven_daniluk\haa_clean\avatarx80h\release\dctquant.obj
c:\steven_daniluk\haa_clean\avatarx80h\release\avatarx80h.obj
c:\steven_daniluk\haa_clean\avatarx80h\release\avatarbase.obj
c:\steven_daniluk\haa_clean\avatarx80h\release\randomgenerator.obj
c:\steven_daniluk\haa_clean\avatarx80h\release\logger.obj
c:\steven_daniluk\haa_clean\avatarx80h\release\datastream.obj
c:\steven_daniluk\haa_clean\avatarx80h\release\autonomic.obj
c:\steven_daniluk\haa_clean\avatarx80h\release\agentplayback.obj
c:\steven_daniluk\haa_clean\release\avatarx80h.dll
c:\steven_daniluk\haa_clean\release\avatarx80h.ipdb
c:\steven_daniluk\haa_clean\release\avatarx80h.iobj
c:\steven_daniluk\haa_clean\release\avatarx80h.pdb
c:\steven_daniluk\haa_clean\avatarx80h\release\avatarx80h.tlog\avatarx80h.write.1u.tlog
c:\steven_daniluk\haa_clean\avatarx80h\release\avatarx80h.tlog\cl.command.1.tlog
c:\steven_daniluk\haa_clean\avatarx80h\release\avatarx80h.tlog\cl.read.1.tlog
c:\steven_daniluk\haa_clean\avatarx80h\release\avatarx80h.tlog\cl.write.1.tlog
c:\steven_daniluk\haa_clean\avatarx80h\release\avatarx80h.tlog\link.command.1.tlog
c:\steven_daniluk\haa_clean\avatarx80h\release\avatarx80h.tlog\link.read.1.tlog
c:\steven_daniluk\haa_clean\avatarx80h\release\avatarx80h.tlog\link.write.1.tlog
